mode: set
github.com/eli-rich/goc4/src/cache/cache.go:20.37,22.2 1 1
github.com/eli-rich/goc4/src/board/board.go:43.34,45.26 2 1
github.com/eli-rich/goc4/src/board/board.go:50.2,50.16 1 1
github.com/eli-rich/goc4/src/board/board.go:45.26,46.26 1 1
github.com/eli-rich/goc4/src/board/board.go:46.26,48.4 1 1
github.com/eli-rich/goc4/src/board/board.go:55.48,57.2 1 1
github.com/eli-rich/goc4/src/board/board.go:59.37,62.2 2 1
github.com/eli-rich/goc4/src/board/board.go:64.53,66.2 1 1
github.com/eli-rich/goc4/src/board/board.go:68.45,71.33 3 1
github.com/eli-rich/goc4/src/board/board.go:76.2,76.11 1 1
github.com/eli-rich/goc4/src/board/board.go:71.33,72.21 1 1
github.com/eli-rich/goc4/src/board/board.go:72.21,74.4 1 1
github.com/eli-rich/goc4/src/board/board.go:79.39,85.2 5 1
github.com/eli-rich/goc4/src/board/board.go:87.39,93.2 5 1
github.com/eli-rich/goc4/src/board/board.go:95.32,96.22 1 1
github.com/eli-rich/goc4/src/board/board.go:96.22,98.3 1 1
github.com/eli-rich/goc4/src/board/board.go:101.25,105.2 3 1
github.com/eli-rich/goc4/src/board/board.go:107.33,109.25 2 1
github.com/eli-rich/goc4/src/board/board.go:114.2,114.40 1 1
github.com/eli-rich/goc4/src/board/board.go:120.2,120.14 1 1
github.com/eli-rich/goc4/src/board/board.go:109.25,110.31 1 1
github.com/eli-rich/goc4/src/board/board.go:110.31,112.4 1 1
github.com/eli-rich/goc4/src/board/board.go:114.40,119.3 4 1
github.com/eli-rich/goc4/src/board/board.go:123.26,126.26 3 1
github.com/eli-rich/goc4/src/board/board.go:144.2,147.13 4 1
github.com/eli-rich/goc4/src/board/board.go:126.26,127.15 1 1
github.com/eli-rich/goc4/src/board/board.go:133.3,133.28 1 1
github.com/eli-rich/goc4/src/board/board.go:127.15,128.14 1 1
github.com/eli-rich/goc4/src/board/board.go:131.4,131.39 1 1
github.com/eli-rich/goc4/src/board/board.go:128.14,130.5 1 1
github.com/eli-rich/goc4/src/board/board.go:133.28,137.4 2 1
github.com/eli-rich/goc4/src/board/board.go:137.9,137.35 1 1
github.com/eli-rich/goc4/src/board/board.go:137.35,140.4 2 1
github.com/eli-rich/goc4/src/board/board.go:140.9,142.4 1 1
github.com/eli-rich/goc4/src/board/masks.go:78.30,79.62 1 1
github.com/eli-rich/goc4/src/board/masks.go:82.2,82.30 1 1
github.com/eli-rich/goc4/src/board/masks.go:79.62,81.3 1 1
github.com/eli-rich/goc4/src/board/masks.go:85.35,86.33 1 1
github.com/eli-rich/goc4/src/board/masks.go:91.2,91.14 1 1
github.com/eli-rich/goc4/src/board/masks.go:86.33,87.22 1 1
github.com/eli-rich/goc4/src/board/masks.go:87.22,89.4 1 1
github.com/eli-rich/goc4/src/board/masks.go:95.51,97.33 2 1
github.com/eli-rich/goc4/src/board/masks.go:102.2,102.18 1 1
github.com/eli-rich/goc4/src/board/masks.go:97.33,98.22 1 1
github.com/eli-rich/goc4/src/board/masks.go:98.22,100.4 1 1
github.com/eli-rich/goc4/src/engine/eval.go:7.31,16.2 5 1
github.com/eli-rich/goc4/src/engine/eval.go:18.39,21.10 3 1
github.com/eli-rich/goc4/src/engine/eval.go:24.2,24.11 1 1
github.com/eli-rich/goc4/src/engine/eval.go:21.10,23.3 1 1
github.com/eli-rich/goc4/src/engine/search.go:18.56,23.44 5 0
github.com/eli-rich/goc4/src/engine/search.go:36.2,38.17 3 0
github.com/eli-rich/goc4/src/engine/search.go:23.44,24.44 1 0
github.com/eli-rich/goc4/src/engine/search.go:27.3,29.16 3 0
github.com/eli-rich/goc4/src/engine/search.go:32.3,32.28 1 0
github.com/eli-rich/goc4/src/engine/search.go:24.44,25.9 1 0
github.com/eli-rich/goc4/src/engine/search.go:29.16,31.4 1 0
github.com/eli-rich/goc4/src/engine/search.go:32.28,33.9 1 0
github.com/eli-rich/goc4/src/engine/search.go:41.105,50.29 7 0
github.com/eli-rich/goc4/src/engine/search.go:68.2,68.34 1 0
github.com/eli-rich/goc4/src/engine/search.go:50.29,51.44 1 0
github.com/eli-rich/goc4/src/engine/search.go:54.3,57.24 4 0
github.com/eli-rich/goc4/src/engine/search.go:61.3,61.24 1 0
github.com/eli-rich/goc4/src/engine/search.go:64.3,64.20 1 0
github.com/eli-rich/goc4/src/engine/search.go:51.44,53.4 1 0
github.com/eli-rich/goc4/src/engine/search.go:57.24,60.4 2 0
github.com/eli-rich/goc4/src/engine/search.go:61.24,63.4 1 0
github.com/eli-rich/goc4/src/engine/search.go:64.20,65.9 1 0
github.com/eli-rich/goc4/src/engine/search.go:71.69,76.10 3 0
github.com/eli-rich/goc4/src/engine/search.go:80.2,80.16 1 0
github.com/eli-rich/goc4/src/engine/search.go:84.2,86.21 3 0
github.com/eli-rich/goc4/src/engine/search.go:89.2,90.29 2 0
github.com/eli-rich/goc4/src/engine/search.go:110.2,110.18 1 0
github.com/eli-rich/goc4/src/engine/search.go:76.10,78.3 1 0
github.com/eli-rich/goc4/src/engine/search.go:80.16,82.3 1 0
github.com/eli-rich/goc4/src/engine/search.go:86.21,88.3 1 0
github.com/eli-rich/goc4/src/engine/search.go:90.29,93.85 3 0
github.com/eli-rich/goc4/src/engine/search.go:99.3,100.24 2 0
github.com/eli-rich/goc4/src/engine/search.go:103.3,103.24 1 0
github.com/eli-rich/goc4/src/engine/search.go:106.3,106.20 1 0
github.com/eli-rich/goc4/src/engine/search.go:93.85,95.4 1 0
github.com/eli-rich/goc4/src/engine/search.go:95.9,98.4 2 0
github.com/eli-rich/goc4/src/engine/search.go:100.24,102.4 1 0
github.com/eli-rich/goc4/src/engine/search.go:103.24,105.4 1 0
github.com/eli-rich/goc4/src/engine/search.go:106.20,108.4 1 0
